<?xml version="1.0" encoding="UTF-8"?>
<!-- Generated by org.testng.reporters.JUnitReportReporter -->
<testsuite hostname="KMC" failures="0" tests="1" name="demo.Tst0" time="0.004" errors="0" timestamp="2022-12-11T00:50:34 IST" skipped="0">
  <testcase classname="demo.Tst0" name="demo1" time="0.004"/>
  <system-out>
    <![CDATA[hi welcome to my home]]>
  </system-out>
</testsuite> <!-- demo.Tst0 -->
