<?xml version="1.0" encoding="UTF-8"?>
<!-- Generated by org.testng.reporters.JUnitReportReporter -->
<testsuite hostname="KMC" failures="0" tests="1" name="demo.Tst2" time="0.007" errors="0" timestamp="2022-12-11T00:50:34 IST" skipped="0">
  <testcase classname="demo.Tst2" name="demo1" time="0.007"/>
  <system-out>
    <![CDATA[hi welcome to new place]]>
  </system-out>
</testsuite> <!-- demo.Tst2 -->
