<?xml version="1.0" encoding="UTF-8"?>
<!-- Generated by org.testng.reporters.JUnitReportReporter -->
<testsuite hostname="KMC" failures="0" tests="1" name="demo.Tst1" time="0.025" errors="0" timestamp="2022-12-11T00:50:34 IST" skipped="0">
  <testcase classname="demo.Tst1" name="demo1" time="0.025"/>
  <system-out>
    <![CDATA[hi welcome to this place]]>
  </system-out>
</testsuite> <!-- demo.Tst1 -->
